0 info it worked if it ends with ok
1 verbose cli [ 'C:\\Program Files\\nodejs\\node.exe',
1 verbose cli   'C:\\Users\\user\\AppData\\Roaming\\npm\\node_modules\\npm\\bin\\npm-cli.js',
1 verbose cli   'publish',
1 verbose cli   'object-path-wild' ]
2 info using npm@3.3.4
3 info using node@v4.2.2
4 verbose publish [ 'object-path-wild' ]
5 silly cache add args [ 'object-path-wild', null ]
6 verbose cache add spec object-path-wild
7 silly cache add parsed spec Result {
7 silly cache add   raw: 'object-path-wild',
7 silly cache add   scope: null,
7 silly cache add   name: 'object-path-wild',
7 silly cache add   rawSpec: '',
7 silly cache add   spec: '*',
7 silly cache add   type: 'range' }
8 silly addNamed object-path-wild@*
9 verbose addNamed "*" is a valid semver range for object-path-wild
10 silly addNameRange { name: 'object-path-wild', range: '*', hasData: false }
11 silly mapToRegistry name object-path-wild
12 silly mapToRegistry using default registry
13 silly mapToRegistry registry https://registry.npmjs.org/
14 silly mapToRegistry uri https://registry.npmjs.org/object-path-wild
15 verbose addNameRange registry:https://registry.npmjs.org/object-path-wild not in flight; fetching
16 verbose request uri https://registry.npmjs.org/object-path-wild
17 verbose request no auth needed
18 info attempt registry request try #1 at 21:37:41
19 verbose request using bearer token for auth
20 verbose request id 198bcade23120973
21 http request GET https://registry.npmjs.org/object-path-wild
22 http 404 https://registry.npmjs.org/object-path-wild
23 verbose headers { 'content-type': 'application/json',
23 verbose headers   'content-length': '2',
23 verbose headers   'accept-ranges': 'bytes',
23 verbose headers   date: 'Wed, 06 Jan 2016 12:37:42 GMT',
23 verbose headers   via: '1.1 varnish',
23 verbose headers   'x-served-by': 'cache-nrt6132-NRT',
23 verbose headers   'x-cache': 'MISS',
23 verbose headers   'x-cache-hits': '0',
23 verbose headers   'x-timer': 'S1452083861.973950,VS0,VE178',
23 verbose headers   'cache-control': 'max-age=0, proxy-revalidate',
23 verbose headers   connection: 'close' }
24 silly get cb [ 404,
24 silly get   { 'content-type': 'application/json',
24 silly get     'content-length': '2',
24 silly get     'accept-ranges': 'bytes',
24 silly get     date: 'Wed, 06 Jan 2016 12:37:42 GMT',
24 silly get     via: '1.1 varnish',
24 silly get     'x-served-by': 'cache-nrt6132-NRT',
24 silly get     'x-cache': 'MISS',
24 silly get     'x-cache-hits': '0',
24 silly get     'x-timer': 'S1452083861.973950,VS0,VE178',
24 silly get     'cache-control': 'max-age=0, proxy-revalidate',
24 silly get     connection: 'close' } ]
25 verbose stack Error: Registry returned 404 for GET on https://registry.npmjs.org/object-path-wild
25 verbose stack     at makeError (C:\Users\user\AppData\Roaming\npm\node_modules\npm\node_modules\npm-registry-client\lib\request.js:264:12)
25 verbose stack     at CachingRegistryClient.<anonymous> (C:\Users\user\AppData\Roaming\npm\node_modules\npm\node_modules\npm-registry-client\lib\request.js:242:14)
25 verbose stack     at Request._callback (C:\Users\user\AppData\Roaming\npm\node_modules\npm\node_modules\npm-registry-client\lib\request.js:172:14)
25 verbose stack     at Request.self.callback (C:\Users\user\AppData\Roaming\npm\node_modules\npm\node_modules\request\request.js:198:22)
25 verbose stack     at emitTwo (events.js:87:13)
25 verbose stack     at Request.emit (events.js:172:7)
25 verbose stack     at Request.<anonymous> (C:\Users\user\AppData\Roaming\npm\node_modules\npm\node_modules\request\request.js:1063:14)
25 verbose stack     at emitOne (events.js:82:20)
25 verbose stack     at Request.emit (events.js:169:7)
25 verbose stack     at IncomingMessage.<anonymous> (C:\Users\user\AppData\Roaming\npm\node_modules\npm\node_modules\request\request.js:1009:12)
26 verbose statusCode 404
27 verbose pkgid object-path-wild
28 verbose cwd D:\workspace\glob-lookup
29 error Windows_NT 6.1.7601
30 error argv "C:\\Program Files\\nodejs\\node.exe" "C:\\Users\\user\\AppData\\Roaming\\npm\\node_modules\\npm\\bin\\npm-cli.js" "publish" "object-path-wild"
31 error node v4.2.2
32 error npm  v3.3.4
33 error code E404
34 error 404 Registry returned 404 for GET on https://registry.npmjs.org/object-path-wild
34 error 404
34 error 404 'object-path-wild' is not in the npm registry.
34 error 404 You should bug the author to publish it (or use the name yourself!)
34 error 404
34 error 404 Note that you can also install from a
34 error 404 tarball, folder, http url, or git url.
35 verbose exit [ 1, true ]
